[0.024s] Invoking command in '/home/gsmst/gsmst/Unitree-Go2-Control/ros2_ws/src/go2_interfaces/build/go2_interfaces': CMAKE_PREFIX_PATH=/home/gsmst/gsmst/Unitree-Go2-Control/ros2_ws/install/lidar_processor:/opt/ros/humble /usr/bin/cmake /home/gsmst/gsmst/Unitree-Go2-Control/ros2_ws/src/go2_interfaces -DCMAKE_INSTALL_PREFIX=/home/gsmst/gsmst/Unitree-Go2-Control/ros2_ws/src/go2_interfaces/install/go2_interfaces
[0.072s] -- Found ament_cmake: 1.3.12 (/opt/ros/humble/share/ament_cmake/cmake)
[0.395s] -- Found rosidl_default_generators: 1.2.0 (/opt/ros/humble/share/rosidl_default_generators/cmake)
[0.398s] -- Using all available rosidl_typesupport_c: rosidl_typesupport_fastrtps_c;rosidl_typesupport_introspection_c
[0.402s] -- Found rosidl_adapter: 3.1.8 (/opt/ros/humble/share/rosidl_adapter/cmake)
[0.452s] -- Using all available rosidl_typesupport_cpp: rosidl_typesupport_fastrtps_cpp;rosidl_typesupport_introspection_cpp
[0.745s] [31mCMake Error at /opt/ros/humble/share/rosidl_adapter/cmake/rosidl_adapt_interfaces.cmake:59 (message):
[0.745s]   execute_process(/home/gsmst/.conda/envs/dogenv/bin/python3 -m
[0.746s]   rosidl_adapter --package-name go2_interfaces --arguments-file
[0.746s]   /home/gsmst/gsmst/Unitree-Go2-Control/ros2_ws/src/go2_interfaces/build/go2_interfaces/rosidl_adapter__arguments__go2_interfaces.json
[0.746s]   --output-dir
[0.746s]   /home/gsmst/gsmst/Unitree-Go2-Control/ros2_ws/src/go2_interfaces/build/go2_interfaces/rosidl_adapter/go2_interfaces
[0.746s]   --output-file
[0.746s]   /home/gsmst/gsmst/Unitree-Go2-Control/ros2_ws/src/go2_interfaces/build/go2_interfaces/rosidl_adapter/go2_interfaces.idls)
[0.746s]   returned error code 1:
[0.746s] 
[0.747s]   AttributeError processing template 'msg.idl.em'
[0.747s] 
[0.747s]   Traceback (most recent call last):
[0.747s] 
[0.747s]     File "/opt/ros/humble/local/lib/python3.10/dist-packages/rosidl_adapter/resource/__init__.py", line 51, in evaluate_template
[0.747s]       em.BUFFERED_OPT: True,
[0.747s] 
[0.747s]   AttributeError: module 'em' has no attribute 'BUFFERED_OPT'
[0.747s] 
[0.748s]   
[0.748s] 
[0.748s]   During handling of the above exception, another exception occurred:
[0.748s] 
[0.748s]   
[0.748s] 
[0.748s]   Traceback (most recent call last):
[0.748s] 
[0.748s]     File "/home/gsmst/.conda/envs/dogenv/lib/python3.10/runpy.py", line 196, in _run_module_as_main
[0.748s]       return _run_code(code, main_globals, None,
[0.749s]     File "/home/gsmst/.conda/envs/dogenv/lib/python3.10/runpy.py", line 86, in _run_code
[0.749s]       exec(code, run_globals)
[0.749s]     File "/opt/ros/humble/local/lib/python3.10/dist-packages/rosidl_adapter/__main__.py", line 19, in <module>
[0.749s]       sys.exit(main())
[0.749s]     File "/opt/ros/humble/local/lib/python3.10/dist-packages/rosidl_adapter/main.py", line 53, in main
[0.749s]       abs_idl_file = convert_to_idl(
[0.749s]     File "/opt/ros/humble/local/lib/python3.10/dist-packages/rosidl_adapter/__init__.py", line 19, in convert_to_idl
[0.749s]       return convert_msg_to_idl(
[0.749s]     File "/opt/ros/humble/local/lib/python3.10/dist-packages/rosidl_adapter/msg/__init__.py", line 39, in convert_msg_to_idl
[0.749s]       expand_template('msg.idl.em', data, output_file, encoding='iso-8859-1')
[0.750s]     File "/opt/ros/humble/local/lib/python3.10/dist-packages/rosidl_adapter/resource/__init__.py", line 23, in expand_template
[0.750s]       content = evaluate_template(template_name, data)
[0.750s]     File "/opt/ros/humble/local/lib/python3.10/dist-packages/rosidl_adapter/resource/__init__.py", line 69, in evaluate_template
[0.750s]       _interpreter.shutdown()
[0.750s] 
[0.750s]   AttributeError: 'NoneType' object has no attribute 'shutdown'
[0.751s] 
[0.751s] Call Stack (most recent call first):
[0.751s]   /opt/ros/humble/share/rosidl_cmake/cmake/rosidl_generate_interfaces.cmake:130 (rosidl_adapt_interfaces)
[0.751s]   CMakeLists.txt:18 (rosidl_generate_interfaces)
[0.751s] 
[0.751s] [0m
[0.751s] -- Configuring incomplete, errors occurred!
[0.751s] See also "/home/gsmst/gsmst/Unitree-Go2-Control/ros2_ws/src/go2_interfaces/build/go2_interfaces/CMakeFiles/CMakeOutput.log".
[0.763s] Invoked command in '/home/gsmst/gsmst/Unitree-Go2-Control/ros2_ws/src/go2_interfaces/build/go2_interfaces' returned '1': CMAKE_PREFIX_PATH=/home/gsmst/gsmst/Unitree-Go2-Control/ros2_ws/install/lidar_processor:/opt/ros/humble /usr/bin/cmake /home/gsmst/gsmst/Unitree-Go2-Control/ros2_ws/src/go2_interfaces -DCMAKE_INSTALL_PREFIX=/home/gsmst/gsmst/Unitree-Go2-Control/ros2_ws/src/go2_interfaces/install/go2_interfaces
